<?xml version="1.0" encoding="UTF-8"?>
<!-- Generated by org.testng.reporters.JUnitReportReporter -->
<testsuite hostname="Krishnas-MacBook-Air.local" failures="0" tests="3" name="file.DynamicJson" time="1.062" errors="0" timestamp="2024-09-29T15:46:50 IST" skipped="0">
  <testcase classname="file.DynamicJson" name="addBook" time="0.092"/>
  <testcase classname="file.DynamicJson" name="addBook" time="0.100"/>
  <testcase classname="file.DynamicJson" name="addBook" time="0.870"/>
</testsuite> <!-- file.DynamicJson -->
