<?xml version="1.0" encoding="UTF-8"?>
<!-- Generated by org.testng.reporters.JUnitReportReporter -->
<testsuite hostname="Krishnas-MacBook-Air.local" failures="0" tests="1" name="SumValidation" time="0.505" errors="0" timestamp="2024-09-30T01:58:29 IST" skipped="0">
  <testcase classname="SumValidation" name="sumOfCourses" time="0.505"/>
</testsuite> <!-- SumValidation -->
